<?xml version="1.0" encoding="UTF-8" ?>
<testsuite errors="0" failures="0" hostname="LAPTOP-VDNS1MSM" name="test.WeatherApp_Test" skipped="0" tests="4" time="0.833" timestamp="2019-01-13T23:50:28">
  <properties>
    <property name="env.ORIGINAL_TEMP" value="C:/Users/fiech/AppData/Local/Temp" />
    <property name="awt.toolkit" value="sun.awt.windows.WToolkit" />
    <property name="ant.library.dir" value="C:/Program Files/apache-ant-1.10.5/lib" />
    <property name="env.NUMBER_OF_PROCESSORS" value="4" />
    <property name="env.MSYSTEM" value="MINGW64" />
    <property name="env.TERM" value="xterm" />
    <property name="java.specification.version" value="9" />
    <property name="env.USERPROFILE" value="C:\Users\fiech" />
    <property name="ant.project.name" value="CurrentWeatherData" />
    <property name="sun.cpu.isalist" value="amd64" />
    <property name="sun.jnu.encoding" value="Cp1252" />
    <property name="sun.arch.data.model" value="64" />
    <property name="debuglevel" value="source,lines,vars" />
    <property name="env.FPS_BROWSER_APP_PROFILE_STRING" value="Internet Explorer" />
    <property name="java.vendor.url" value="http://java.oracle.com/" />
    <property name="env.CommonProgramW6432" value="C:\Program Files\Common Files" />
    <property name="env.OS" value="Windows_NT" />
    <property name="sun.boot.library.path" value="C:\Program Files\Java\jdk-9.0.4\bin" />
    <property name="sun.java.command" value="org.apache.tools.ant.taskdefs.optional.junit.JUnitTestRunner test.WeatherApp_Test skipNonTests=false filtertrace=true haltOnError=false haltOnFailure=true formatter=org.apache.tools.ant.taskdefs.optional.junit.SummaryJUnitResultFormatter showoutput=false outputtoformatters=true logfailedtests=true threadid=0 logtestlistenerevents=false formatter=org.apache.tools.ant.taskdefs.optional.junit.XMLJUnitResultFormatter,C:\Users\fiech\eclipse-workspace\CurrentWeatherData\junit\TEST-test.WeatherApp_Test.xml crashfile=C:\Users\fiech\eclipse-workspace\CurrentWeatherData\junitvmwatcher12386681775714494879.properties propsfile=C:\Users\fiech\eclipse-workspace\CurrentWeatherData\junit7264571891924209741.properties" />
    <property name="env.SYSTEMROOT" value="C:\WINDOWS" />
    <property name="jdk.debug" value="release" />
    <property name="java.specification.vendor" value="Oracle Corporation" />
    <property name="env.JAVA_HOME" value="C:/Program Files/Java/jdk-9.0.4" />
    <property name="java.home" value="C:\Program Files\Java\jdk-9.0.4" />
    <property name="env.PROGRAMFILES" value="C:\Program Files" />
    <property name="file.separator" value="\" />
    <property name="basedir" value="C:\Users\fiech\eclipse-workspace\CurrentWeatherData" />
    <property name="ant.file.type.CurrentWeatherData" value="file" />
    <property name="java.vm.compressedOopsMode" value="32-bit" />
    <property name="line.separator" value="&#xd;&#xa;" />
    <property name="java.vm.specification.vendor" value="Oracle Corporation" />
    <property name="java.specification.name" value="Java Platform API Specification" />
    <property name="env.MANPATH" value="C:\Program Files\Git\mingw64\share\man;C:\Program Files\Git\usr\local\man;C:\Program Files\Git\usr\share\man;C:\Program Files\Git\usr\man;C:\Program Files\Git\share\man" />
    <property name="env.LOCALAPPDATA" value="C:\Users\fiech\AppData\Local" />
    <property name="env.USERDOMAIN_ROAMINGPROFILE" value="LAPTOP-VDNS1MSM" />
    <property name="env.PROCESSOR_REVISION" value="4e03" />
    <property name="env.SSH_ASKPASS" value="C:/Program Files/Git/mingw64/libexec/git-core/git-gui--askpass" />
    <property name="env.PSModulePath" value="C:\Program Files\WindowsPowerShell\Modules;C:\WINDOWS\system32\WindowsPowerShell\v1.0\Modules" />
    <property name="user.script" value="" />
    <property name="sun.management.compiler" value="HotSpot 64-Bit Tiered Compilers" />
    <property name="env.PROCESSOR_IDENTIFIER" value="Intel64 Family 6 Model 78 Stepping 3, GenuineIntel" />
    <property name="java.runtime.version" value="9.0.4+11" />
    <property name="user.name" value="fiech" />
    <property name="env.PATH" value="C:\Users\fiech\bin;C:\Program Files\Git\mingw64\bin;C:\Program Files\Git\usr\local\bin;C:\Program Files\Git\usr\bin;C:\Program Files\Git\usr\bin;C:\Program Files\Git\mingw64\bin;C:\Program Files\Git\usr\bin;C:\Users\fiech\bin;C:\Program Files (x86)\Intel\iCLS Client;C:\Program Files\Intel\iCLS Client;C:\Windows\system32;C:\Windows;C:\Windows\System32\Wbem;C:\Windows\System32\WindowsPowerShell\v1.0;C:\Program Files (x86)\Intel\Intel(R) Management Engine Components\DAL;C:\Program Files\Intel\Intel(R) Management Engine Components\DAL;C:\Program Files (x86)\Intel\Intel(R) Management Engine Components\IPT;C:\Program Files\Intel\Intel(R) Management Engine Components\IPT;C:\Program Files (x86)\NVIDIA Corporation\PhysX\Common;C:\Program Files (x86)\Windows Kits\8.1\Windows Performance Toolkit;C:\WINDOWS\system32;C:\WINDOWS;C:\WINDOWS\System32\Wbem;C:\WINDOWS\System32\WindowsPowerShell\v1.0;C:\Users\fiech\AppData\Roaming\Cloud Foundry;C:\Program Files\Cloud Foundry;C:\Program Files\Git\cmd;C:\Program Files\Maven\apache-maven-3.5.2\bin;C:\WINDOWS\System32\OpenSSH;C:\Program Files\apache-ant-1.10.5\bin;C:\Program Files\Java\jdk-9.0.4\bin;C:\Program Files\Java\jdk-9.0.4\bin;C:\Program Files (x86)\Intel\iCLS Client;C:\Program Files\Intel\iCLS Client;C:\Windows\system32;C:\Windows;C:\Windows\System32\Wbem;C:\Windows\System32\WindowsPowerShell\v1.0;C:\Program Files (x86)\Intel\Intel(R) Management Engine Components\DAL;C:\Program Files\Intel\Intel(R) Management Engine Components\DAL;C:\Program Files (x86)\Intel\Intel(R) Management Engine Components\IPT;C:\Program Files\Intel\Intel(R) Management Engine Components\IPT;C:\Program Files (x86)\NVIDIA Corporation\PhysX\Common;C:\Program Files (x86)\Windows Kits\8.1\Windows Performance Toolkit;C:\WINDOWS\system32;C:\WINDOWS;C:\WINDOWS\System32\Wbem;C:\WINDOWS\System32\WindowsPowerShell\v1.0;C:\Users\fiech\AppData\Roaming\Cloud Foundry;C:\Program Files\Cloud Foundry;C:\Program Files\Git\cmd;C:\Program Files\Maven\apache-maven-3.5.2\bin;C:\WINDOWS\System32\OpenSSH;C:\Users\fiech\AppData\Local\Microsoft\WindowsApps;C:\Python34\Scripts;C:\Program Files\Git\usr\bin\vendor_perl;C:\Program Files\Git\usr\bin\core_perl" />
    <property name="env.DriverData" value="C:\Windows\System32\Drivers\DriverData" />
    <property name="env.ProgramW6432" value="C:\Program Files" />
    <property name="env.PUBLIC" value="C:\Users\Public" />
    <property name="file.encoding" value="Cp1252" />
    <property name="env.PLINK_PROTOCOL" value="ssh" />
    <property name="env.COMPUTERNAME" value="LAPTOP-VDNS1MSM" />
    <property name="env.HOSTNAME" value="LAPTOP-VDNS1MSM" />
    <property name="env.SYSTEMDRIVE" value="C:" />
    <property name="env.HOMEPATH" value="\Users\fiech" />
    <property name="env.SHLVL" value="1" />
    <property name="env.APPDATA" value="C:\Users\fiech\AppData\Roaming" />
    <property name="env.ProgramData" value="C:\ProgramData" />
    <property name="java.io.tmpdir" value="C:\Users\fiech\AppData\Local\Temp\" />
    <property name="java.version" value="9.0.4" />
    <property name="env.PROCESSOR_LEVEL" value="6" />
    <property name="env.HOMEDRIVE" value="C:" />
    <property name="env.TMP" value="C:\Users\fiech\AppData\Local\Temp" />
    <property name="java.vm.specification.name" value="Java Virtual Machine Specification" />
    <property name="java.awt.printerjob" value="sun.awt.windows.WPrinterJob" />
    <property name="ant.home" value="C:/Program Files/apache-ant-1.10.5" />
    <property name="env.ACLOCAL_PATH" value="C:\Program Files\Git\mingw64\share\aclocal;C:\Program Files\Git\usr\share\aclocal" />
    <property name="env.MINGW_CHOST" value="x86_64-w64-mingw32" />
    <property name="sun.os.patch.level" value="" />
    <property name="junit.output.dir" value="junit" />
    <property name="ant.version" value="Apache Ant(TM) version 1.10.5 compiled on July 10 2018" />
    <property name="java.library.path" value="C:\Program Files\Java\jdk-9.0.4\bin;C:\WINDOWS\Sun\Java\bin;C:\WINDOWS\system32;C:\WINDOWS;C:\Users\fiech\bin;C:\Program Files\Git\mingw64\bin;C:\Program Files\Git\usr\local\bin;C:\Program Files\Git\usr\bin;C:\Program Files\Git\usr\bin;C:\Program Files\Git\mingw64\bin;C:\Program Files\Git\usr\bin;C:\Users\fiech\bin;C:\Program Files (x86)\Intel\iCLS Client;C:\Program Files\Intel\iCLS Client;C:\Windows\system32;C:\Windows;C:\Windows\System32\Wbem;C:\Windows\System32\WindowsPowerShell\v1.0;C:\Program Files (x86)\Intel\Intel(R) Management Engine Components\DAL;C:\Program Files\Intel\Intel(R) Management Engine Components\DAL;C:\Program Files (x86)\Intel\Intel(R) Management Engine Components\IPT;C:\Program Files\Intel\Intel(R) Management Engine Components\IPT;C:\Program Files (x86)\NVIDIA Corporation\PhysX\Common;C:\Program Files (x86)\Windows Kits\8.1\Windows Performance Toolkit;C:\WINDOWS\system32;C:\WINDOWS;C:\WINDOWS\System32\Wbem;C:\WINDOWS\System32\WindowsPowerShell\v1.0;C:\Users\fiech\AppData\Roaming\Cloud Foundry;C:\Program Files\Cloud Foundry;C:\Program Files\Git\cmd;C:\Program Files\Maven\apache-maven-3.5.2\bin;C:\WINDOWS\System32\OpenSSH;C:\Program Files\apache-ant-1.10.5\bin;C:\Program Files\Java\jdk-9.0.4\bin;C:\Program Files\Java\jdk-9.0.4\bin;C:\Program Files (x86)\Intel\iCLS Client;C:\Program Files\Intel\iCLS Client;C:\Windows\system32;C:\Windows;C:\Windows\System32\Wbem;C:\Windows\System32\WindowsPowerShell\v1.0;C:\Program Files (x86)\Intel\Intel(R) Management Engine Components\DAL;C:\Program Files\Intel\Intel(R) Management Engine Components\DAL;C:\Program Files (x86)\Intel\Intel(R) Management Engine Components\IPT;C:\Program Files\Intel\Intel(R) Management Engine Components\IPT;C:\Program Files (x86)\NVIDIA Corporation\PhysX\Common;C:\Program Files (x86)\Windows Kits\8.1\Windows Performance Toolkit;C:\WINDOWS\system32;C:\WINDOWS;C:\WINDOWS\System32\Wbem;C:\WINDOWS\System32\WindowsPowerShell\v1.0;C:\Users\fiech\AppData\Roaming\Cloud Foundry;C:\Program Files\Cloud Foundry;C:\Program Files\Git\cmd;C:\Program Files\Maven\apache-maven-3.5.2\bin;C:\WINDOWS\System32\OpenSSH;C:\Users\fiech\AppData\Local\Microsoft\WindowsApps;C:\Python34\Scripts;C:\Program Files\Git\usr\bin\vendor_perl;C:\Program Files\Git\usr\bin\core_perl;." />
    <property name="env.TMPDIR" value="C:\Users\fiech\AppData\Local\Temp" />
    <property name="java.vendor" value="Oracle Corporation" />
    <property name="env.LOGONSERVER" value="\\LAPTOP-VDNS1MSM" />
    <property name="sun.io.unicode.encoding" value="UnicodeLittle" />
    <property name="env.INFOPATH" value="C:\Program Files\Git\usr\local\info;C:\Program Files\Git\usr\share\info;C:\Program Files\Git\usr\info;C:\Program Files\Git\share\info" />
    <property name="env.WINDIR" value="C:\WINDOWS" />
    <property name="env.OLDPWD" value="C:/Users/fiech/eclipse-workspace/CurrentWeatherData/src" />
    <property name="sun.desktop" value="windows" />
    <property name="ant.file.type" value="file" />
    <property name="env.PWD" value="C:/Users/fiech/eclipse-workspace/CurrentWeatherData" />
    <property name="env.LANG" value="en_US.UTF-8" />
    <property name="file.encoding.pkg" value="sun.io" />
    <property name="java.class.path" value="C:\Users\fiech\eclipse-workspace\CurrentWeatherData\bin;C:\Users\fiech\eclipse-workspace\CurrentWeatherData\src\commons-io-2.6.jar;C:\Users\fiech\eclipse-workspace\CurrentWeatherData\src\json-20180813.jar;C:\Users\fiech\eclipse-workspace\CurrentWeatherData\lib\plugins\org.junit.jupiter.api_5.1.0.v20180327-1502.jar;C:\Users\fiech\eclipse-workspace\CurrentWeatherData\lib\plugins\org.junit.jupiter.engine_5.1.0.v20180327-1502.jar;C:\Users\fiech\eclipse-workspace\CurrentWeatherData\lib\plugins\org.junit.jupiter.migrationsupport_5.1.0.v20180327-1502.jar;C:\Users\fiech\eclipse-workspace\CurrentWeatherData\lib\plugins\org.junit.jupiter.params_5.1.0.v20180327-1502.jar;C:\Users\fiech\eclipse-workspace\CurrentWeatherData\lib\plugins\org.junit.platform.commons_1.1.0.v20180327-1502.jar;C:\Users\fiech\eclipse-workspace\CurrentWeatherData\lib\plugins\org.junit.platform.engine_1.1.0.v20180327-1502.jar;C:\Users\fiech\eclipse-workspace\CurrentWeatherData\lib\plugins\org.junit.platform.launcher_1.1.0.v20180327-1502.jar;C:\Users\fiech\eclipse-workspace\CurrentWeatherData\lib\plugins\org.junit.platform.runner_1.1.0.v20180327-1502.jar;C:\Users\fiech\eclipse-workspace\CurrentWeatherData\lib\plugins\org.junit.platform.suite.api_1.1.0.v20180327-1502.jar;C:\Users\fiech\eclipse-workspace\CurrentWeatherData\lib\plugins\org.junit.vintage.engine_5.1.0.v20180327-1502.jar;C:\Users\fiech\eclipse-workspace\CurrentWeatherData\lib\plugins\org.opentest4j_1.0.0.v20180327-1502.jar;C:\Users\fiech\eclipse-workspace\CurrentWeatherData\lib\plugins\org.apiguardian_1.0.0.v20180327-1502.jar;C:\Users\fiech\eclipse-workspace\CurrentWeatherData\lib\plugins\org.junit_4.12.0.v201504281640\junit.jar;C:\Users\fiech\eclipse-workspace\CurrentWeatherData\lib\plugins\org.hamcrest.core_1.3.0.v20180420-1519.jar;C:\Program Files\apache-ant-1.10.5\lib\ant-launcher.jar;C:\Program Files\apache-ant-1.10.5\lib\ant.jar;C:\Program Files\apache-ant-1.10.5\lib\ant-junit.jar;C:\Program Files\apache-ant-1.10.5\lib\ant-junit4.jar" />
    <property name="env.MINGW_PREFIX" value="C:/Program Files/Git/mingw64" />
    <property name="env.HOME" value="C:\Users\fiech" />
    <property name="source" value="9" />
    <property name="java.vm.vendor" value="Oracle Corporation" />
    <property name="env.PROCESSOR_ARCHITECTURE" value="AMD64" />
    <property name="user.variant" value="" />
    <property name="user.timezone" value="" />
    <property name="env.COMMONPROGRAMFILES" value="C:\Program Files\Common Files" />
    <property name="java.vm.specification.version" value="9" />
    <property name="os.name" value="Windows 10" />
    <property name="env.DISPLAY" value="needs-to-be-defined" />
    <property name="sun.java.launcher" value="SUN_STANDARD" />
    <property name="user.country" value="US" />
    <property name="env.USERDOMAIN" value="LAPTOP-VDNS1MSM" />
    <property name="env.=::" value="::\" />
    <property name="env.COMSPEC" value="C:\WINDOWS\system32\cmd.exe" />
    <property name="sun.cpu.endian" value="little" />
    <property name="user.home" value="C:\Users\fiech" />
    <property name="user.language" value="en" />
    <property name="env.ORIGINAL_PATH" value="C:\Program Files\Git\mingw64\bin;C:\Program Files\Git\usr\bin;C:\Users\fiech\bin;C:\Program Files (x86)\Intel\iCLS Client;C:\Program Files\Intel\iCLS Client;C:\Windows\system32;C:\Windows;C:\Windows\System32\Wbem;C:\Windows\System32\WindowsPowerShell\v1.0;C:\Program Files (x86)\Intel\Intel(R) Management Engine Components\DAL;C:\Program Files\Intel\Intel(R) Management Engine Components\DAL;C:\Program Files (x86)\Intel\Intel(R) Management Engine Components\IPT;C:\Program Files\Intel\Intel(R) Management Engine Components\IPT;C:\Program Files (x86)\NVIDIA Corporation\PhysX\Common;C:\Program Files (x86)\Windows Kits\8.1\Windows Performance Toolkit;C:\WINDOWS\system32;C:\WINDOWS;C:\WINDOWS\System32\Wbem;C:\WINDOWS\System32\WindowsPowerShell\v1.0;C:\Users\fiech\AppData\Roaming\Cloud Foundry;C:\Program Files\Cloud Foundry;C:\Program Files\Git\cmd;C:\Program Files\Maven\apache-maven-3.5.2\bin;C:\WINDOWS\System32\OpenSSH;C:\Program Files\apache-ant-1.10.5\bin;C:\Program Files\Java\jdk-9.0.4\bin;C:\Program Files\Java\jdk-9.0.4\bin;C:\Program Files (x86)\Intel\iCLS Client;C:\Program Files\Intel\iCLS Client;C:\Windows\system32;C:\Windows;C:\Windows\System32\Wbem;C:\Windows\System32\WindowsPowerShell\v1.0;C:\Program Files (x86)\Intel\Intel(R) Management Engine Components\DAL;C:\Program Files\Intel\Intel(R) Management Engine Components\DAL;C:\Program Files (x86)\Intel\Intel(R) Management Engine Components\IPT;C:\Program Files\Intel\Intel(R) Management Engine Components\IPT;C:\Program Files (x86)\NVIDIA Corporation\PhysX\Common;C:\Program Files (x86)\Windows Kits\8.1\Windows Performance Toolkit;C:\WINDOWS\system32;C:\WINDOWS;C:\WINDOWS\System32\Wbem;C:\WINDOWS\System32\WindowsPowerShell\v1.0;C:\Users\fiech\AppData\Roaming\Cloud Foundry;C:\Program Files\Cloud Foundry;C:\Program Files\Git\cmd;C:\Program Files\Maven\apache-maven-3.5.2\bin;C:\WINDOWS\System32\OpenSSH;C:\Users\fiech\AppData\Local\Microsoft\WindowsApps;C:\Python34\Scripts" />
    <property name="env.VS140COMNTOOLS" value="C:\Program Files (x86)\Microsoft Visual Studio 14.0\Common7\Tools\" />
    <property name="env.MSYSTEM_CHOST" value="x86_64-w64-mingw32" />
    <property name="ant.java.version" value="9" />
    <property name="env.MINGW_PACKAGE_PREFIX" value="mingw-w64-x86_64" />
    <property name="env.ALLUSERSPROFILE" value="C:\ProgramData" />
    <property name="env.PKG_CONFIG_PATH" value="C:\Program Files\Git\mingw64\lib\pkgconfig;C:\Program Files\Git\mingw64\share\pkgconfig" />
    <property name="env.SESSIONNAME" value="Console" />
    <property name="java.awt.graphicsenv" value="sun.awt.Win32GraphicsEnvironment" />
    <property name="env.MSYSTEM_PREFIX" value="C:/Program Files/Git/mingw64" />
    <property name="env.ANT_HOME" value="C:/Program Files/apache-ant-1.10.5" />
    <property name="env.MSYSTEM_CARCH" value="x86_64" />
    <property name="ant.file.CurrentWeatherData" value="C:\Users\fiech\eclipse-workspace\CurrentWeatherData\build.xml" />
    <property name="ant.file" value="C:\Users\fiech\eclipse-workspace\CurrentWeatherData\build.xml" />
    <property name="path.separator" value=";" />
    <property name="os.version" value="10.0" />
    <property name="env.ORIGINAL_TMP" value="C:/Users/fiech/AppData/Local/Temp" />
    <property name="env.CommonProgramFiles(x86)" value="C:\Program Files (x86)\Common Files" />
    <property name="java.runtime.name" value="Java(TM) SE Runtime Environment" />
    <property name="env.PATHEXT" value=".COM;.EXE;.BAT;.CMD;.VBS;.VBE;.JS;.JSE;.WSF;.WSH;.MSC" />
    <property name="ant.project.invoked-targets" value="WeatherApp_Test" />
    <property name="java.vm.name" value="Java HotSpot(TM) 64-Bit Server VM" />
    <property name="env.SHELL" value="C:\Program Files\Git\usr\bin\bash.exe" />
    <property name="ant.core.lib" value="C:\Program Files\apache-ant-1.10.5\lib\ant.jar" />
    <property name="java.vendor.url.bug" value="http://bugreport.java.com/bugreport/" />
    <property name="env.EXEPATH" value="C:\Program Files\Git" />
    <property name="user.dir" value="C:\Users\fiech\eclipse-workspace\CurrentWeatherData" />
    <property name="os.arch" value="amd64" />
    <property name="env.USERNAME" value="fiech" />
    <property name="env.OneDriveConsumer" value="C:\Users\fiech\OneDrive" />
    <property name="env.CONFIG_SITE" value="C:/Program Files/Git/mingw64/etc/config.site" />
    <property name="target" value="9" />
    <property name="env.ProgramFiles(x86)" value="C:\Program Files (x86)" />
    <property name="java.vm.info" value="mixed mode" />
    <property name="java.vm.version" value="9.0.4+11" />
    <property name="env.FPS_BROWSER_USER_PROFILE_STRING" value="Default" />
    <property name="env.TEMP" value="C:\Users\fiech\AppData\Local\Temp" />
    <property name="java.class.version" value="53.0" />
    <property name="env.OneDrive" value="C:\Users\fiech\OneDrive" />
    <property name="ant.project.default-target" value="build" />
  </properties>
  <testcase classname="test.WeatherApp_Test" name="test_getWeatherData_Pass1" time="0.281" />
  <testcase classname="test.WeatherApp_Test" name="test_getWeatherData_Pass2" time="0.086" />
  <testcase classname="test.WeatherApp_Test" name="test_getWeatherData_Pass3" time="0.089" />
  <testcase classname="test.WeatherApp_Test" name="test_getWeatherData_Fail" time="0.102" />
  <system-out><![CDATA[Current temperature in Chicago: 28.49 F
Current temperature in Butte,US: 26.96 F
Current temperature in Des Moines,IA,US: 25.47 F
City could not be found.
]]></system-out>
  <system-err><![CDATA[]]></system-err>
</testsuite>
